-------------------------------------------------------------------------------
Test set: logic.solzanir.testes.TesteConta
-------------------------------------------------------------------------------
Tests run: 1, Failures: 0, Errors: 1, Skipped: 0, Time elapsed: 5.027 sec <<< FAILURE!
logic.solzanir.testes.TesteConta  Time elapsed: 0 sec  <<< ERROR!
java.lang.UnsupportedOperationException
	at java.util.Collections$UnmodifiableList.sort(Collections.java:1331)
	at java.util.Collections.sort(Collections.java:175)
	at org.jboss.arquillian.junit.Arquillian.getChildren(Arquillian.java:71)
	at org.junit.runners.ParentRunner.getFilteredChildren(ParentRunner.java:426)
	at org.junit.runners.ParentRunner.getDescription(ParentRunner.java:351)
	at org.junit.runners.ParentRunner.run(ParentRunner.java:359)
	at org.jboss.arquillian.junit.Arquillian.run(Arquillian.java:150)
	at org.apache.maven.surefire.junit4.JUnit4TestSet.execute(JUnit4TestSet.java:53)
	at org.apache.maven.surefire.junit4.JUnit4Provider.executeTestSet(JUnit4Provider.java:123)
	at org.apache.maven.surefire.junit4.JUnit4Provider.invoke(JUnit4Provider.java:104)
	at sun.reflect.NativeMethodAccessorImpl.invoke0(Native Method)
	at sun.reflect.NativeMethodAccessorImpl.invoke(NativeMethodAccessorImpl.java:62)
	at sun.reflect.DelegatingMethodAccessorImpl.invoke(DelegatingMethodAccessorImpl.java:43)
	at java.lang.reflect.Method.invoke(Method.java:498)
	at org.apache.maven.surefire.util.ReflectionUtils.invokeMethodWithArray(ReflectionUtils.java:164)
	at org.apache.maven.surefire.booter.ProviderFactory$ProviderProxy.invoke(ProviderFactory.java:110)
	at org.apache.maven.surefire.booter.SurefireStarter.invokeProvider(SurefireStarter.java:175)
	at org.apache.maven.surefire.booter.SurefireStarter.runSuitesInProcessWhenForked(SurefireStarter.java:107)
	at org.apache.maven.surefire.booter.ForkedBooter.main(ForkedBooter.java:68)
