<?xml version="1.0" encoding="UTF-8" ?>
<testsuite tests="1" failures="0" name="logic.solzanir.testes.TesteConta" time="5.027" errors="1" skipped="0">
  <properties>
[...]
</properties>
  <testcase classname="org.apache.maven.surefire.junit4.JUnit4Provider" name="logic.solzanir.testes.TesteConta" time="0">
    <error type="java.lang.UnsupportedOperationException">java.lang.UnsupportedOperationException
	at java.util.Collections$UnmodifiableList.sort(Collections.java:1331)
	at java.util.Collections.sort(Collections.java:175)
	at org.jboss.arquillian.junit.Arquillian.getChildren(Arquillian.java:71)
	at org.junit.runners.ParentRunner.getFilteredChildren(ParentRunner.java:426)
	at org.junit.runners.ParentRunner.getDescription(ParentRunner.java:351)
	at org.junit.runners.ParentRunner.run(ParentRunner.java:359)
	at org.jboss.arquillian.junit.Arquillian.run(Arquillian.java:150)
	at org.apache.maven.surefire.junit4.JUnit4TestSet.execute(JUnit4TestSet.java:53)
	at org.apache.maven.surefire.junit4.JUnit4Provider.executeTestSet(JUnit4Provider.java:123)
	at org.apache.maven.surefire.junit4.JUnit4Provider.invoke(JUnit4Provider.java:104)
	at sun.reflect.NativeMethodAccessorImpl.invoke0(Native Method)
	at sun.reflect.NativeMethodAccessorImpl.invoke(NativeMethodAccessorImpl.java:62)
	at sun.reflect.DelegatingMethodAccessorImpl.invoke(DelegatingMethodAccessorImpl.java:43)
	at java.lang.reflect.Method.invoke(Method.java:498)
	at org.apache.maven.surefire.util.ReflectionUtils.invokeMethodWithArray(ReflectionUtils.java:164)
	at org.apache.maven.surefire.booter.ProviderFactory$ProviderProxy.invoke(ProviderFactory.java:110)
	at org.apache.maven.surefire.booter.SurefireStarter.invokeProvider(SurefireStarter.java:175)
	at org.apache.maven.surefire.booter.SurefireStarter.runSuitesInProcessWhenForked(SurefireStarter.java:107)
	at org.apache.maven.surefire.booter.ForkedBooter.main(ForkedBooter.java:68)
</error>
    <system-out>Java HotSpot(TM) 64-Bit Server VM warning: ignoring option MaxPermSize=256m; support was removed in 8.0
&amp;#27;[0m09:32:33,561 INFO  [org.jboss.modules] (main) JBoss Modules version 1.3.3.Final
&amp;#27;[0m&amp;#27;[0m09:32:33,843 INFO  [org.jboss.msc] (main) JBoss MSC version 1.2.2.Final
&amp;#27;[0m&amp;#27;[0m09:32:33,938 INFO  [org.jboss.as] (MSC service thread 1-8) JBAS015899: WildFly 8.2.1.Final &quot;Tweek&quot; starting
&amp;#27;[0m&amp;#27;[0m09:32:35,420 INFO  [org.jboss.as.server] (Controller Boot Thread) JBAS015888: Creating http management service using socket-binding (management-http)
&amp;#27;[0m&amp;#27;[0m09:32:35,447 INFO  [org.xnio] (MSC service thread 1-1) XNIO version 3.3.0.Final
&amp;#27;[0m&amp;#27;[0m09:32:35,465 INFO  [org.xnio.nio] (MSC service thread 1-1) XNIO NIO Implementation Version 3.3.0.Final
&amp;#27;[0m&amp;#27;[0m09:32:35,518 INFO  [org.jboss.as.clustering.infinispan] (ServerService Thread Pool -- 32) JBAS010280: Activating Infinispan subsystem.
&amp;#27;[0m&amp;#27;[0m09:32:35,530 INFO  [org.wildfly.extension.io] (ServerService Thread Pool -- 31) WFLYIO001: Worker &apos;default&apos; has auto-configured to 8 core threads with 64 task threads based on your 4 available processors
&amp;#27;[0m&amp;#27;[0m09:32:35,611 INFO  [org.jboss.as.connector.logging] (MSC service thread 1-8) JBAS010408: Starting JCA Subsystem (IronJacamar 1.1.9.Final)
&amp;#27;[0m&amp;#27;[0m09:32:35,622 INFO  [org.jboss.remoting] (MSC service thread 1-1) JBoss Remoting version 4.0.7.Final
&amp;#27;[0m&amp;#27;[0m09:32:35,624 INFO  [org.jboss.as.naming] (ServerService Thread Pool -- 40) JBAS011800: Activating Naming Subsystem
&amp;#27;[0m&amp;#27;[0m09:32:35,627 INFO  [org.jboss.as.webservices] (ServerService Thread Pool -- 48) JBAS015537: Activating WebServices Extension
&amp;#27;[0m&amp;#27;[0m09:32:35,643 INFO  [org.jboss.as.jsf] (ServerService Thread Pool -- 38) JBAS012615: Activated the following JSF Implementations: [main]
&amp;#27;[0m&amp;#27;[33m09:32:35,649 WARN  [org.jboss.as.txn] (ServerService Thread Pool -- 46) JBAS010153: Node identifier property is set to the default value. Please make sure it is unique.
&amp;#27;[0m&amp;#27;[0m09:32:35,649 INFO  [org.jboss.as.security] (ServerService Thread Pool -- 45) JBAS013171: Activating Security Subsystem
&amp;#27;[0m&amp;#27;[0m09:32:35,655 INFO  [org.jboss.as.security] (MSC service thread 1-1) JBAS013170: Current PicketBox version=4.0.21.Final
&amp;#27;[0m&amp;#27;[0m09:32:35,683 INFO  [org.wildfly.extension.undertow] (MSC service thread 1-7) JBAS017502: Undertow 1.1.8.Final starting
&amp;#27;[0m&amp;#27;[0m09:32:35,685 INFO  [org.wildfly.extension.undertow] (ServerService Thread Pool -- 47) JBAS017502: Undertow 1.1.8.Final starting
&amp;#27;[0m&amp;#27;[0m09:32:35,728 INFO  [org.jboss.as.connector.subsystems.datasources] (ServerService Thread Pool -- 27) JBAS010403: Deploying JDBC-compliant driver class org.h2.Driver (version 1.3)
&amp;#27;[0m&amp;#27;[0m09:32:35,737 INFO  [org.jboss.as.connector.subsystems.datasources] (ServerService Thread Pool -- 27) JBAS010403: Deploying JDBC-compliant driver class org.hsqldb.jdbc.JDBCDriver (version 2.4)
&amp;#27;[0m&amp;#27;[0m09:32:35,737 INFO  [org.jboss.as.connector.deployers.jdbc] (MSC service thread 1-4) JBAS010417: Started Driver service with driver-name = h2
&amp;#27;[0m&amp;#27;[0m09:32:35,754 INFO  [org.jboss.as.naming] (MSC service thread 1-8) JBAS011802: Starting Naming Service
&amp;#27;[0m&amp;#27;[0m09:32:35,755 INFO  [org.jboss.as.mail.extension] (MSC service thread 1-8) JBAS015400: Bound mail session [java:jboss/mail/Default]
&amp;#27;[0m&amp;#27;[0m09:32:35,749 INFO  [org.jboss.as.connector.deployers.jdbc] (MSC service thread 1-4) JBAS010417: Started Driver service with driver-name = hsqldb
&amp;#27;[0m&amp;#27;[0m09:32:36,056 INFO  [org.wildfly.extension.undertow] (ServerService Thread Pool -- 47) JBAS017527: Creating file handler for path /home/solzanir/Documents/Material Projeto/wildfly-8.2.1.Final/welcome-content
&amp;#27;[0m&amp;#27;[0m09:32:36,083 INFO  [org.wildfly.extension.undertow] (MSC service thread 1-2) JBAS017525: Started server default-server.
&amp;#27;[0m&amp;#27;[0m09:32:36,156 INFO  [org.wildfly.extension.undertow] (MSC service thread 1-7) JBAS017531: Host default-host starting
&amp;#27;[0m&amp;#27;[0m09:32:36,266 INFO  [org.wildfly.extension.undertow] (MSC service thread 1-2) JBAS017519: Undertow HTTP listener default listening on /127.0.0.1:8080
&amp;#27;[0m&amp;#27;[0m09:32:36,553 INFO  [org.jboss.as.server.deployment.scanner] (MSC service thread 1-6) JBAS015012: Started FileSystemDeploymentService for directory /home/solzanir/Documents/Material Projeto/wildfly-8.2.1.Final/standalone/deployments
&amp;#27;[0m&amp;#27;[0m09:32:36,579 INFO  [org.jboss.as.connector.subsystems.datasources] (MSC service thread 1-8) JBAS010400: Bound data source [java:jboss/datasources/ExampleDS]
&amp;#27;[0m&amp;#27;[0m09:32:36,581 INFO  [org.jboss.as.connector.subsystems.datasources] (MSC service thread 1-3) JBAS010400: Bound data source [java:jboss/datasources/HSQLDS]
&amp;#27;[0m&amp;#27;[0m09:32:36,846 INFO  [org.jboss.ws.common.management] (MSC service thread 1-4) JBWS022052: Starting JBoss Web Services - Stack CXF Server 4.3.2.Final
&amp;#27;[0m&amp;#27;[0m09:32:37,003 INFO  [org.jboss.as] (Controller Boot Thread) JBAS015961: Http management interface listening on http://127.0.0.1:9990/management
&amp;#27;[0m&amp;#27;[0m09:32:37,004 INFO  [org.jboss.as] (Controller Boot Thread) JBAS015951: Admin console listening on http://127.0.0.1:9990
&amp;#27;[0m&amp;#27;[0m09:32:37,005 INFO  [org.jboss.as] (Controller Boot Thread) JBAS015874: WildFly 8.2.1.Final &quot;Tweek&quot; started in 3934ms - Started 190 of 240 services (82 services are lazy, passive or on-demand)
&amp;#27;[0m</system-out>
    <system-err>jan 25, 2018 9:32:32 AM org.jboss.as.arquillian.container.managed.ManagedDeployableContainer startInternal
INFO: Starting container with: [/home/solzanir/jdk1.8.0_141/bin/java, -Xmx512m, -XX:MaxPermSize=256m, -ea, -Djboss.home.dir=/home/solzanir/Documents/Material Projeto/wildfly-8.2.1.Final, -Dorg.jboss.boot.log.file=/home/solzanir/Documents/Material Projeto/wildfly-8.2.1.Final/standalone/log/server.log, -Dlogging.configuration=file:/home/solzanir/Documents/Material%20Projeto/wildfly-8.2.1.Final/standalone/configuration/logging.properties, -Djboss.bundles.dir=/home/solzanir/Documents/Material Projeto/wildfly-8.2.1.Final/bundles, -jar, /home/solzanir/Documents/Material Projeto/wildfly-8.2.1.Final/jboss-modules.jar, -mp, /home/solzanir/Documents/Material Projeto/wildfly-8.2.1.Final/modules, org.jboss.as.standalone, -server-config, standalone.xml]
jan 25, 2018 9:32:32 AM org.xnio.Xnio &lt;clinit&gt;
INFO: XNIO version 3.3.0.Final
jan 25, 2018 9:32:33 AM org.xnio.nio.NioXnio &lt;clinit&gt;
INFO: XNIO NIO Implementation Version 3.3.0.Final
jan 25, 2018 9:32:33 AM org.jboss.remoting3.EndpointImpl &lt;clinit&gt;
INFO: JBoss Remoting version 4.0.7.Final
</system-err>
  </testcase>
</testsuite>